  main.cpp
D:\ВЕСЬ ХЛАМ\code\game2048\main.cpp(53,14): warning C4244: инициализация: преобразование "sf::Int64" в "float", возможна потеря данных
D:\ВЕСЬ ХЛАМ\code\game2048\main.cpp(254,58): warning C4244: аргумент: преобразование "T" в "T", возможна потеря данных
          with
          [
              T=int
          ]
          and
          [
              T=float
          ]
D:\ВЕСЬ ХЛАМ\code\game2048\main.cpp(254,50): warning C4244: аргумент: преобразование "T" в "T", возможна потеря данных
          with
          [
              T=int
          ]
          and
          [
              T=float
          ]
D:\ВЕСЬ ХЛАМ\code\game2048\main.cpp(262,17): warning C4244: =: преобразование "T" в "float", возможна потеря данных
          with
          [
              T=int
          ]
D:\ВЕСЬ ХЛАМ\code\game2048\main.cpp(263,17): warning C4244: =: преобразование "T" в "float", возможна потеря данных
          with
          [
              T=int
          ]
D:\ВЕСЬ ХЛАМ\code\game2048\main.cpp(267,58): warning C4244: аргумент: преобразование "T" в "T", возможна потеря данных
          with
          [
              T=int
          ]
          and
          [
              T=float
          ]
D:\ВЕСЬ ХЛАМ\code\game2048\main.cpp(267,50): warning C4244: аргумент: преобразование "T" в "T", возможна потеря данных
          with
          [
              T=int
          ]
          and
          [
              T=float
          ]
  game2048.vcxproj -> D:\ВЕСЬ ХЛАМ\code\game2048\x64\Debug\game2048.exe
